<?xml version="1.0" encoding="UTF-8"?>
<Site BuildName="(empty)"
	BuildStamp="20181013-2102-Experimental"
	Name="(empty)"
	Generator="ctest-3.12.2"
	CompilerName=""
	CompilerVersion=""
	OSName="Mac OS X"
	Hostname="cobalt.local"
	OSRelease="10.13.6"
	OSVersion="17G65"
	OSPlatform="x86_64"
	Is64Bits="1"
	VendorString="GenuineIntel"
	VendorID="Intel Corporation"
	FamilyID="6"
	ModelID="69"
	ProcessorCacheSize="32768"
	NumberOfLogicalCPU="4"
	NumberOfPhysicalCPU="2"
	TotalVirtualMemory="3072"
	TotalPhysicalMemory="8192"
	LogicalProcessorsPerPhysical="8"
	ProcessorClockFrequency="1700"
	>
	<Testing>
		<StartDateTime>Oct 13 22:02 BST</StartDateTime>
		<StartTestTime>1539464542</StartTestTime>
		<TestList/>
		<EndDateTime>Oct 13 22:02 BST</EndDateTime>
		<EndTestTime>1539464542</EndTestTime>
		<ElapsedMinutes>0</ElapsedMinutes>
	</Testing>
</Site>
